<?xml version="1.0" encoding="UTF-8"?>
<!-- Generated by org.testng.reporters.JUnitReportReporter -->
<testsuite skipped="0" hostname="DESKTOP-N308L1J" name="util.BrowserFactor" tests="1" failures="0" timestamp="29 Aug 2021 15:46:50 GMT" time="6.477" errors="0">
  <testcase name="init" time="6.477" classname="util.BrowserFactor"/>
</testsuite> <!-- util.BrowserFactor -->
