<?xml version="1.0" encoding="UTF-8"?>
<!-- Generated by org.testng.reporters.JUnitReportReporter -->
<testsuite skipped="0" hostname="DESKTOP-N308L1J" name="test.AddCustomerTest" tests="1" failures="0" timestamp="29 Aug 2021 18:41:35 GMT" time="21.046" errors="0">
  <testcase name="validUserShouldBeAbleToAddCustomer" time="21.046" classname="test.AddCustomerTest"/>
</testsuite> <!-- test.AddCustomerTest -->
