<?xml version="1.0" encoding="UTF-8"?>
<!-- Generated by org.testng.reporters.JUnitReportReporter -->
<testsuite skipped="0" hostname="DESKTOP-N308L1J" name="test.LoginTest" tests="1" failures="0" timestamp="29 Aug 2021 16:39:47 GMT" time="7.538" errors="0">
  <testcase name="validUserShouldBeAbleToLogin" time="7.538" classname="test.LoginTest"/>
</testsuite> <!-- test.LoginTest -->
